mode: set
github.com/submariner-io/submariner-operator/pkg/discovery/network/calico.go:33.106,35.16 2 1
github.com/submariner-io/submariner-operator/pkg/discovery/network/calico.go:35.16,37.3 1 0
github.com/submariner-io/submariner-operator/pkg/discovery/network/calico.go:39.2,39.12 1 1
github.com/submariner-io/submariner-operator/pkg/discovery/network/calico.go:39.12,41.17 2 1
github.com/submariner-io/submariner-operator/pkg/discovery/network/calico.go:41.17,43.4 1 0
github.com/submariner-io/submariner-operator/pkg/discovery/network/calico.go:46.2,46.12 1 1
github.com/submariner-io/submariner-operator/pkg/discovery/network/calico.go:46.12,48.3 1 1
github.com/submariner-io/submariner-operator/pkg/discovery/network/calico.go:50.2,51.16 2 1
github.com/submariner-io/submariner-operator/pkg/discovery/network/calico.go:51.16,53.3 1 0
github.com/submariner-io/submariner-operator/pkg/discovery/network/calico.go:55.2,55.27 1 1
github.com/submariner-io/submariner-operator/pkg/discovery/network/calico.go:55.27,58.3 2 1
github.com/submariner-io/submariner-operator/pkg/discovery/network/calico.go:60.2,60.17 1 0
github.com/submariner-io/submariner-operator/pkg/discovery/network/calico.go:63.95,67.16 3 1
github.com/submariner-io/submariner-operator/pkg/discovery/network/calico.go:67.16,69.3 1 0
github.com/submariner-io/submariner-operator/pkg/discovery/network/calico.go:71.2,71.30 1 1
github.com/submariner-io/submariner-operator/pkg/discovery/network/calico.go:71.30,72.46 1 1
github.com/submariner-io/submariner-operator/pkg/discovery/network/calico.go:72.46,74.4 1 1
github.com/submariner-io/submariner-operator/pkg/discovery/network/calico.go:77.2,77.19 1 1
github.com/submariner-io/submariner-operator/pkg/discovery/network/calico.go:80.95,84.16 3 1
github.com/submariner-io/submariner-operator/pkg/discovery/network/calico.go:84.16,86.3 1 0
github.com/submariner-io/submariner-operator/pkg/discovery/network/calico.go:88.2,88.30 1 1
github.com/submariner-io/submariner-operator/pkg/discovery/network/calico.go:88.30,89.44 1 1
github.com/submariner-io/submariner-operator/pkg/discovery/network/calico.go:89.44,91.4 1 0
github.com/submariner-io/submariner-operator/pkg/discovery/network/calico.go:94.2,94.19 1 1
github.com/submariner-io/submariner-operator/pkg/discovery/network/canal.go:33.112,38.16 3 1
github.com/submariner-io/submariner-operator/pkg/discovery/network/canal.go:38.16,40.3 1 0
github.com/submariner-io/submariner-operator/pkg/discovery/network/canal.go:42.2,42.32 1 1
github.com/submariner-io/submariner-operator/pkg/discovery/network/canal.go:42.32,44.3 1 1
github.com/submariner-io/submariner-operator/pkg/discovery/network/canal.go:46.2,48.41 2 1
github.com/submariner-io/submariner-operator/pkg/discovery/network/canal.go:48.41,50.3 1 1
github.com/submariner-io/submariner-operator/pkg/discovery/network/canal.go:52.2,54.28 2 1
github.com/submariner-io/submariner-operator/pkg/discovery/network/flannel.go:36.107,40.16 3 1
github.com/submariner-io/submariner-operator/pkg/discovery/network/flannel.go:40.16,42.3 1 0
github.com/submariner-io/submariner-operator/pkg/discovery/network/flannel.go:44.2,46.34 2 1
github.com/submariner-io/submariner-operator/pkg/discovery/network/flannel.go:46.34,47.60 1 1
github.com/submariner-io/submariner-operator/pkg/discovery/network/flannel.go:47.60,49.4 1 1
github.com/submariner-io/submariner-operator/pkg/discovery/network/flannel.go:52.2,52.22 1 1
github.com/submariner-io/submariner-operator/pkg/discovery/network/flannel.go:52.22,54.3 1 1
github.com/submariner-io/submariner-operator/pkg/discovery/network/flannel.go:56.2,57.41 2 1
github.com/submariner-io/submariner-operator/pkg/discovery/network/flannel.go:57.41,59.3 1 1
github.com/submariner-io/submariner-operator/pkg/discovery/network/flannel.go:61.2,63.28 2 1
github.com/submariner-io/submariner-operator/pkg/discovery/network/flannel.go:67.139,70.25 2 1
github.com/submariner-io/submariner-operator/pkg/discovery/network/flannel.go:70.25,72.17 2 0
github.com/submariner-io/submariner-operator/pkg/discovery/network/flannel.go:72.17,74.4 1 0
github.com/submariner-io/submariner-operator/pkg/discovery/network/flannel.go:76.3,76.24 1 0
github.com/submariner-io/submariner-operator/pkg/discovery/network/flannel.go:77.8,85.17 3 1
github.com/submariner-io/submariner-operator/pkg/discovery/network/flannel.go:85.17,86.33 1 1
github.com/submariner-io/submariner-operator/pkg/discovery/network/flannel.go:86.33,88.5 1 1
github.com/submariner-io/submariner-operator/pkg/discovery/network/flannel.go:90.4,90.100 1 0
github.com/submariner-io/submariner-operator/pkg/discovery/network/flannel.go:93.3,94.21 2 1
github.com/submariner-io/submariner-operator/pkg/discovery/network/flannel.go:94.21,96.4 1 0
github.com/submariner-io/submariner-operator/pkg/discovery/network/flannel.go:99.2,105.16 3 1
github.com/submariner-io/submariner-operator/pkg/discovery/network/flannel.go:105.16,107.3 1 0
github.com/submariner-io/submariner-operator/pkg/discovery/network/flannel.go:109.2,109.26 1 1
github.com/submariner-io/submariner-operator/pkg/discovery/network/flannel.go:109.26,111.3 1 1
github.com/submariner-io/submariner-operator/pkg/discovery/network/flannel.go:113.2,113.28 1 1
github.com/submariner-io/submariner-operator/pkg/discovery/network/flannel.go:116.63,117.25 1 1
github.com/submariner-io/submariner-operator/pkg/discovery/network/flannel.go:117.25,119.36 1 1
github.com/submariner-io/submariner-operator/pkg/discovery/network/flannel.go:119.36,121.4 1 1
github.com/submariner-io/submariner-operator/pkg/discovery/network/flannel.go:124.2,124.11 1 0
github.com/submariner-io/submariner-operator/pkg/discovery/network/flannel.go:127.68,129.23 2 1
github.com/submariner-io/submariner-operator/pkg/discovery/network/flannel.go:129.23,131.3 1 0
github.com/submariner-io/submariner-operator/pkg/discovery/network/flannel.go:132.2,137.70 2 1
github.com/submariner-io/submariner-operator/pkg/discovery/network/flannel.go:137.70,139.3 1 1
github.com/submariner-io/submariner-operator/pkg/discovery/network/flannel.go:141.2,141.12 1 0
github.com/submariner-io/submariner-operator/pkg/discovery/network/generic.go:36.107,38.16 2 1
github.com/submariner-io/submariner-operator/pkg/discovery/network/generic.go:38.16,40.3 1 1
github.com/submariner-io/submariner-operator/pkg/discovery/network/generic.go:42.2,42.27 1 1
github.com/submariner-io/submariner-operator/pkg/discovery/network/generic.go:42.27,45.3 2 1
github.com/submariner-io/submariner-operator/pkg/discovery/network/generic.go:47.2,47.17 1 0
github.com/submariner-io/submariner-operator/pkg/discovery/network/generic.go:51.100,55.16 3 1
github.com/submariner-io/submariner-operator/pkg/discovery/network/generic.go:55.16,57.3 1 0
github.com/submariner-io/submariner-operator/pkg/discovery/network/generic.go:59.2,59.22 1 1
github.com/submariner-io/submariner-operator/pkg/discovery/network/generic.go:59.22,61.3 1 1
github.com/submariner-io/submariner-operator/pkg/discovery/network/generic.go:63.2,64.16 2 1
github.com/submariner-io/submariner-operator/pkg/discovery/network/generic.go:64.16,66.3 1 1
github.com/submariner-io/submariner-operator/pkg/discovery/network/generic.go:68.2,68.26 1 1
github.com/submariner-io/submariner-operator/pkg/discovery/network/generic.go:68.26,70.3 1 1
github.com/submariner-io/submariner-operator/pkg/discovery/network/generic.go:72.2,72.78 1 1
github.com/submariner-io/submariner-operator/pkg/discovery/network/generic.go:72.78,74.3 1 1
github.com/submariner-io/submariner-operator/pkg/discovery/network/generic.go:76.2,76.17 1 0
github.com/submariner-io/submariner-operator/pkg/discovery/network/generic.go:79.94,81.40 2 1
github.com/submariner-io/submariner-operator/pkg/discovery/network/generic.go:81.40,83.3 1 1
github.com/submariner-io/submariner-operator/pkg/discovery/network/generic.go:85.2,86.40 2 1
github.com/submariner-io/submariner-operator/pkg/discovery/network/generic.go:86.40,88.3 1 1
github.com/submariner-io/submariner-operator/pkg/discovery/network/generic.go:90.2,90.16 1 0
github.com/submariner-io/submariner-operator/pkg/discovery/network/generic.go:93.107,95.2 1 1
github.com/submariner-io/submariner-operator/pkg/discovery/network/generic.go:97.113,100.14 2 1
github.com/submariner-io/submariner-operator/pkg/discovery/network/generic.go:100.14,103.3 1 1
github.com/submariner-io/submariner-operator/pkg/discovery/network/generic.go:106.2,128.16 3 1
github.com/submariner-io/submariner-operator/pkg/discovery/network/generic.go:128.16,131.3 1 1
github.com/submariner-io/submariner-operator/pkg/discovery/network/generic.go:133.2,133.42 1 1
github.com/submariner-io/submariner-operator/pkg/discovery/network/generic.go:136.55,146.18 3 1
github.com/submariner-io/submariner-operator/pkg/discovery/network/generic.go:146.18,149.3 1 1
github.com/submariner-io/submariner-operator/pkg/discovery/network/generic.go:152.2,152.22 1 1
github.com/submariner-io/submariner-operator/pkg/discovery/network/generic.go:155.90,157.36 2 1
github.com/submariner-io/submariner-operator/pkg/discovery/network/generic.go:157.36,159.3 1 1
github.com/submariner-io/submariner-operator/pkg/discovery/network/generic.go:161.2,162.36 2 1
github.com/submariner-io/submariner-operator/pkg/discovery/network/generic.go:162.36,164.3 1 1
github.com/submariner-io/submariner-operator/pkg/discovery/network/generic.go:166.2,167.36 2 1
github.com/submariner-io/submariner-operator/pkg/discovery/network/generic.go:167.36,169.3 1 1
github.com/submariner-io/submariner-operator/pkg/discovery/network/generic.go:171.2,171.16 1 1
github.com/submariner-io/submariner-operator/pkg/discovery/network/generic.go:174.104,176.2 1 1
github.com/submariner-io/submariner-operator/pkg/discovery/network/generic.go:178.99,180.2 1 1
github.com/submariner-io/submariner-operator/pkg/discovery/network/generic.go:182.102,186.16 3 1
github.com/submariner-io/submariner-operator/pkg/discovery/network/generic.go:186.16,188.3 1 0
github.com/submariner-io/submariner-operator/pkg/discovery/network/generic.go:190.2,190.36 1 1
github.com/submariner-io/submariner-operator/pkg/discovery/network/generic.go:193.58,197.21 1 1
github.com/submariner-io/submariner-operator/pkg/discovery/network/generic.go:197.21,199.3 1 1
github.com/submariner-io/submariner-operator/pkg/discovery/network/generic.go:201.2,201.16 1 1
github.com/submariner-io/submariner-operator/pkg/discovery/network/kindnet.go:28.104,31.37 2 1
github.com/submariner-io/submariner-operator/pkg/discovery/network/kindnet.go:31.37,33.3 1 1
github.com/submariner-io/submariner-operator/pkg/discovery/network/kindnet.go:35.2,39.44 2 1
github.com/submariner-io/submariner-operator/pkg/discovery/network/kindnet.go:39.44,40.60 1 1
github.com/submariner-io/submariner-operator/pkg/discovery/network/kindnet.go:40.60,41.35 1 1
github.com/submariner-io/submariner-operator/pkg/discovery/network/kindnet.go:41.35,43.10 2 1
github.com/submariner-io/submariner-operator/pkg/discovery/network/kindnet.go:48.2,49.40 2 1
github.com/submariner-io/submariner-operator/pkg/discovery/network/kindnet.go:49.40,51.3 1 1
github.com/submariner-io/submariner-operator/pkg/discovery/network/kindnet.go:53.2,53.28 1 1
github.com/submariner-io/submariner-operator/pkg/discovery/network/network.go:41.34,42.15 1 1
github.com/submariner-io/submariner-operator/pkg/discovery/network/network.go:42.15,44.3 1 0
github.com/submariner-io/submariner-operator/pkg/discovery/network/network.go:44.8,49.26 4 1
github.com/submariner-io/submariner-operator/pkg/discovery/network/network.go:49.26,51.4 1 1
github.com/submariner-io/submariner-operator/pkg/discovery/network/network.go:55.51,60.2 1 0
github.com/submariner-io/submariner-operator/pkg/discovery/network/network.go:62.45,64.2 1 1
github.com/submariner-io/submariner-operator/pkg/discovery/network/network.go:66.119,68.22 2 1
github.com/submariner-io/submariner-operator/pkg/discovery/network/network.go:68.22,71.30 1 1
github.com/submariner-io/submariner-operator/pkg/discovery/network/network.go:71.30,75.25 3 1
github.com/submariner-io/submariner-operator/pkg/discovery/network/network.go:75.25,76.41 1 1
github.com/submariner-io/submariner-operator/pkg/discovery/network/network.go:76.41,78.6 1 1
github.com/submariner-io/submariner-operator/pkg/discovery/network/network.go:80.5,80.37 1 1
github.com/submariner-io/submariner-operator/pkg/discovery/network/network.go:80.37,82.6 1 1
github.com/submariner-io/submariner-operator/pkg/discovery/network/network.go:85.8,88.3 1 1
github.com/submariner-io/submariner-operator/pkg/discovery/network/network.go:90.2,90.22 1 1
github.com/submariner-io/submariner-operator/pkg/discovery/network/network.go:90.22,93.3 2 1
github.com/submariner-io/submariner-operator/pkg/discovery/network/network.go:95.2,95.23 1 1
github.com/submariner-io/submariner-operator/pkg/discovery/network/network.go:111.108,112.45 1 1
github.com/submariner-io/submariner-operator/pkg/discovery/network/network.go:112.45,114.35 2 1
github.com/submariner-io/submariner-operator/pkg/discovery/network/network.go:114.35,116.4 1 1
github.com/submariner-io/submariner-operator/pkg/discovery/network/network.go:119.2,119.17 1 1
github.com/submariner-io/submariner-operator/pkg/discovery/network/network.go:122.124,123.27 1 1
github.com/submariner-io/submariner-operator/pkg/discovery/network/network.go:123.27,125.3 1 0
github.com/submariner-io/submariner-operator/pkg/discovery/network/network.go:127.2,130.16 3 1
github.com/submariner-io/submariner-operator/pkg/discovery/network/network.go:130.16,132.3 1 1
github.com/submariner-io/submariner-operator/pkg/discovery/network/network.go:134.2,136.24 2 1
github.com/submariner-io/submariner-operator/pkg/discovery/network/openshift4.go:35.110,44.16 4 1
github.com/submariner-io/submariner-operator/pkg/discovery/network/openshift4.go:44.16,45.34 1 1
github.com/submariner-io/submariner-operator/pkg/discovery/network/openshift4.go:45.34,47.4 1 1
github.com/submariner-io/submariner-operator/pkg/discovery/network/openshift4.go:49.3,49.114 1 0
github.com/submariner-io/submariner-operator/pkg/discovery/network/openshift4.go:52.2,52.33 1 1
github.com/submariner-io/submariner-operator/pkg/discovery/network/openshift4.go:55.78,59.16 3 1
github.com/submariner-io/submariner-operator/pkg/discovery/network/openshift4.go:59.16,61.3 1 0
github.com/submariner-io/submariner-operator/pkg/discovery/network/openshift4.go:61.8,61.19 1 1
github.com/submariner-io/submariner-operator/pkg/discovery/network/openshift4.go:61.19,63.3 1 1
github.com/submariner-io/submariner-operator/pkg/discovery/network/openshift4.go:65.2,65.49 1 1
github.com/submariner-io/submariner-operator/pkg/discovery/network/openshift4.go:65.49,69.17 3 1
github.com/submariner-io/submariner-operator/pkg/discovery/network/openshift4.go:69.17,71.4 1 0
github.com/submariner-io/submariner-operator/pkg/discovery/network/openshift4.go:71.9,71.20 1 1
github.com/submariner-io/submariner-operator/pkg/discovery/network/openshift4.go:71.20,73.4 1 0
github.com/submariner-io/submariner-operator/pkg/discovery/network/openshift4.go:75.3,75.50 1 1
github.com/submariner-io/submariner-operator/pkg/discovery/network/openshift4.go:78.2,79.16 2 1
github.com/submariner-io/submariner-operator/pkg/discovery/network/openshift4.go:79.16,81.3 1 0
github.com/submariner-io/submariner-operator/pkg/discovery/network/openshift4.go:81.8,81.19 1 1
github.com/submariner-io/submariner-operator/pkg/discovery/network/openshift4.go:81.19,83.3 1 1
github.com/submariner-io/submariner-operator/pkg/discovery/network/openshift4.go:85.2,85.49 1 1
github.com/submariner-io/submariner-operator/pkg/discovery/network/openshift4.go:85.49,87.3 1 1
github.com/submariner-io/submariner-operator/pkg/discovery/network/openshift4.go:89.2,90.16 2 1
github.com/submariner-io/submariner-operator/pkg/discovery/network/openshift4.go:90.16,92.3 1 0
github.com/submariner-io/submariner-operator/pkg/discovery/network/openshift4.go:92.8,92.19 1 1
github.com/submariner-io/submariner-operator/pkg/discovery/network/openshift4.go:92.19,94.3 1 0
github.com/submariner-io/submariner-operator/pkg/discovery/network/openshift4.go:96.2,96.32 1 1
github.com/submariner-io/submariner-operator/pkg/discovery/network/openshift4.go:96.32,98.3 1 0
github.com/submariner-io/submariner-operator/pkg/discovery/network/openshift4.go:98.8,100.3 1 1
github.com/submariner-io/submariner-operator/pkg/discovery/network/openshift4.go:102.2,102.20 1 1
github.com/submariner-io/submariner-operator/pkg/discovery/network/ovnkubernetes.go:30.113,32.33 2 1
github.com/submariner-io/submariner-operator/pkg/discovery/network/ovnkubernetes.go:32.33,34.3 1 1
github.com/submariner-io/submariner-operator/pkg/discovery/network/ovnkubernetes.go:36.2,40.28 3 1
github.com/submariner-io/submariner-operator/pkg/discovery/network/ovnkubernetes.go:45.3,49.16 3 1
github.com/submariner-io/submariner-operator/pkg/discovery/network/ovnkubernetes.go:49.16,50.52 1 1
github.com/submariner-io/submariner-operator/pkg/discovery/network/ovnkubernetes.go:50.52,52.4 1 1
github.com/submariner-io/submariner-operator/pkg/discovery/network/ovnkubernetes.go:54.3,54.52 1 1
github.com/submariner-io/submariner-operator/pkg/discovery/network/ovnkubernetes.go:54.52,56.4 1 1
github.com/submariner-io/submariner-operator/pkg/discovery/network/pods.go:31.132,34.30 2 1
github.com/submariner-io/submariner-operator/pkg/discovery/network/pods.go:34.30,36.3 1 1
github.com/submariner-io/submariner-operator/pkg/discovery/network/pods.go:38.2,38.37 1 1
github.com/submariner-io/submariner-operator/pkg/discovery/network/pods.go:38.37,39.54 1 1
github.com/submariner-io/submariner-operator/pkg/discovery/network/pods.go:39.54,40.41 1 1
github.com/submariner-io/submariner-operator/pkg/discovery/network/pods.go:40.41,42.5 1 1
github.com/submariner-io/submariner-operator/pkg/discovery/network/pods.go:44.4,44.34 1 1
github.com/submariner-io/submariner-operator/pkg/discovery/network/pods.go:44.34,45.52 1 1
github.com/submariner-io/submariner-operator/pkg/discovery/network/pods.go:45.52,46.46 1 1
github.com/submariner-io/submariner-operator/pkg/discovery/network/pods.go:46.46,48.7 1 1
github.com/submariner-io/submariner-operator/pkg/discovery/network/pods.go:54.2,54.16 1 1
github.com/submariner-io/submariner-operator/pkg/discovery/network/pods.go:58.110,60.16 2 1
github.com/submariner-io/submariner-operator/pkg/discovery/network/pods.go:60.16,62.3 1 0
github.com/submariner-io/submariner-operator/pkg/discovery/network/pods.go:64.2,67.16 3 1
github.com/submariner-io/submariner-operator/pkg/discovery/network/pods.go:67.16,69.3 1 0
github.com/submariner-io/submariner-operator/pkg/discovery/network/pods.go:71.2,71.26 1 1
github.com/submariner-io/submariner-operator/pkg/discovery/network/pods.go:71.26,73.3 1 1
github.com/submariner-io/submariner-operator/pkg/discovery/network/pods.go:75.2,75.28 1 1
github.com/submariner-io/submariner-operator/pkg/discovery/network/weavenet.go:28.105,31.38 2 1
github.com/submariner-io/submariner-operator/pkg/discovery/network/weavenet.go:31.38,33.3 1 1
github.com/submariner-io/submariner-operator/pkg/discovery/network/weavenet.go:35.2,39.45 2 1
github.com/submariner-io/submariner-operator/pkg/discovery/network/weavenet.go:39.45,40.61 1 1
github.com/submariner-io/submariner-operator/pkg/discovery/network/weavenet.go:40.61,41.38 1 1
github.com/submariner-io/submariner-operator/pkg/discovery/network/weavenet.go:41.38,43.10 2 1
github.com/submariner-io/submariner-operator/pkg/discovery/network/weavenet.go:48.2,49.40 2 1
github.com/submariner-io/submariner-operator/pkg/discovery/network/weavenet.go:49.40,51.3 1 1
github.com/submariner-io/submariner-operator/pkg/discovery/network/weavenet.go:53.2,53.28 1 1
